<?xml version="1.0" encoding="UTF-8"?>
<testng-results ignored="0" total="1" passed="1" failed="0" skipped="0">
  <reporter-output>
  </reporter-output>
  <suite started-at="2022-01-16T11:32:35 IST" name="Default suite" finished-at="2022-01-16T11:33:49 IST" duration-ms="74162">
    <groups>
    </groups>
    <test started-at="2022-01-16T11:32:35 IST" name="Default test" finished-at="2022-01-16T11:33:49 IST" duration-ms="74162">
      <class name="Watch.SignupPageTest">
        <test-method is-config="true" signature="start()[pri:0, instance:Watch.SignupPageTest@7dfd3c81]" started-at="2022-01-16T11:32:35 IST" name="start" finished-at="2022-01-16T11:33:44 IST" duration-ms="69558" status="PASS">
          <reporter-output>
          </reporter-output>
        </test-method> <!-- start -->
        <test-method is-config="true" signature="startTest()[pri:0, instance:Watch.SignupPageTest@7dfd3c81]" started-at="2022-01-16T11:33:44 IST" name="startTest" finished-at="2022-01-16T11:33:47 IST" duration-ms="2171" status="PASS">
          <reporter-output>
          </reporter-output>
        </test-method> <!-- startTest -->
        <test-method signature="EnterName()[pri:1, instance:Watch.SignupPageTest@7dfd3c81]" started-at="2022-01-16T11:33:47 IST" name="EnterName" finished-at="2022-01-16T11:33:47 IST" duration-ms="171" status="PASS">
          <reporter-output>
          </reporter-output>
        </test-method> <!-- EnterName -->
        <test-method is-config="true" signature="endTest()[pri:0, instance:Watch.SignupPageTest@7dfd3c81]" started-at="2022-01-16T11:33:47 IST" name="endTest" finished-at="2022-01-16T11:33:49 IST" duration-ms="2149" status="PASS">
          <reporter-output>
          </reporter-output>
        </test-method> <!-- endTest -->
      </class> <!-- Watch.SignupPageTest -->
    </test> <!-- Default test -->
  </suite> <!-- Default suite -->
</testng-results>
